<?xml version="1.0" encoding="UTF-8"?>
<!-- Generated by org.testng.reporters.JUnitReportReporter -->
<testsuite hostname="LAPTOP-QAA3IP3T" failures="0" tests="1" name="first_seleniumframework.Login_page_test" time="12.226" errors="0" timestamp="2024-06-13T21:27:06 IST" skipped="0">
  <testcase classname="first_seleniumframework.Login_page_test" name="verifyurlofapplicationtest" time="12.226"/>
  <system-out/>
</testsuite> <!-- first_seleniumframework.Login_page_test -->
