<?xml version="1.0" encoding="UTF-8"?>
<!-- Generated by org.testng.reporters.JUnitReportReporter -->
<testsuite hostname="LAPTOP-QAA3IP3T" failures="0" tests="9" name="first_seleniumframework.Checkout_step_two_page_test" time="61.375" errors="0" timestamp="2024-06-15T09:53:35 IST" skipped="0">
  <testcase classname="first_seleniumframework.Checkout_step_two_page_test" name="descLabel" time="6.699"/>
  <system-out>
    <![CDATA[check out page two label is=Description]]>
  </system-out>
  <testcase classname="first_seleniumframework.Checkout_step_two_page_test" name="menuBtn" time="6.606"/>
  <system-out>
    <![CDATA[menu button is present]]>
  </system-out>
  <testcase classname="first_seleniumframework.Checkout_step_two_page_test" name="cartQuantityLabel" time="6.235"/>
  <system-out>
    <![CDATA[check out page two label is=QTY]]>
  </system-out>
  <testcase classname="first_seleniumframework.Checkout_step_two_page_test" name="pageTitle" time="6.842"/>
  <system-out>
    <![CDATA[check out page two title is=Checkout: Overview]]>
  </system-out>
  <testcase classname="first_seleniumframework.Checkout_step_two_page_test" name="appLogoLabel" time="6.235"/>
  <system-out>
    <![CDATA[check out page two label is=Swag Labs]]>
  </system-out>
  <testcase classname="first_seleniumframework.Checkout_step_two_page_test" name="shippingInfoLabel" time="6.425"/>
  <system-out>
    <![CDATA[check out page two label is=Shipping Information:]]>
  </system-out>
  <testcase classname="first_seleniumframework.Checkout_step_two_page_test" name="totalInfoLabel" time="9.308"/>
  <system-out>
    <![CDATA[check out page two label is=Price Total]]>
  </system-out>
  <testcase classname="first_seleniumframework.Checkout_step_two_page_test" name="finishBtn" time="6.482"/>
  <system-out>
    <![CDATA[checkout complete page Url is =https://www.saucedemo.com/checkout-complete.html]]>
  </system-out>
  <testcase classname="first_seleniumframework.Checkout_step_two_page_test" name="paymentInfoLabel" time="6.543"/>
  <system-out>
    <![CDATA[check out page two label is=Payment Information:]]>
  </system-out>
</testsuite> <!-- first_seleniumframework.Checkout_step_two_page_test -->
