<?xml version="1.0" encoding="UTF-8"?>
<!-- Generated by org.testng.reporters.JUnitReportReporter -->
<testsuite hostname="LAPTOP-QAA3IP3T" failures="0" tests="1" name="first_seleniumframework.Checkout_step_one_page_test" time="6.451" errors="0" timestamp="2024-06-12T23:52:23 IST" skipped="0">
  <testcase classname="first_seleniumframework.Checkout_step_one_page_test" name="checkOutPageInformationTest" time="6.451"/>
  <system-out>
    <![CDATA[check out page Url is=https://www.saucedemo.com/checkout-step-two.html]]>
  </system-out>
</testsuite> <!-- first_seleniumframework.Checkout_step_one_page_test -->
