<?xml version="1.0" encoding="UTF-8"?>
<!-- Generated by org.testng.reporters.JUnitReportReporter -->
<testsuite hostname="LAPTOP-QAA3IP3T" failures="0" tests="6" name="first_seleniumframework.Cart_page_test" time="31.937" errors="0" timestamp="2024-06-12T23:52:22 IST" skipped="0">
  <testcase classname="first_seleniumframework.Cart_page_test" name="verifypagetitleTest" time="5.210"/>
  <system-out>
    <![CDATA[cart page title is =Your Cart]]>
  </system-out>
  <testcase classname="first_seleniumframework.Cart_page_test" name="clickonbtn" time="5.876"/>
  <system-out>
    <![CDATA[After clicking on checkout button get URL=https://www.saucedemo.com/checkout-step-one.html]]>
  </system-out>
  <testcase classname="first_seleniumframework.Cart_page_test" name="verifyapplogoTest" time="5.124"/>
  <system-out>
    <![CDATA[cart page app logo title is =Swag Labs]]>
  </system-out>
  <testcase classname="first_seleniumframework.Cart_page_test" name="continueShoppingBtn" time="5.449"/>
  <system-out>
    <![CDATA[After clicking on continue shopping btn get URL=https://www.saucedemo.com/inventory.html]]>
  </system-out>
  <testcase classname="first_seleniumframework.Cart_page_test" name="verifycartQuantityLabelTest" time="5.085"/>
  <system-out>
    <![CDATA[label of product quantity is=QTY]]>
  </system-out>
  <testcase classname="first_seleniumframework.Cart_page_test" name="cartDesclabel" time="5.193"/>
  <system-out>
    <![CDATA[label of product description=Description]]>
  </system-out>
</testsuite> <!-- first_seleniumframework.Cart_page_test -->
