<?xml version="1.0" encoding="UTF-8"?>
<!-- Generated by org.testng.reporters.JUnitReportReporter -->
<testsuite hostname="LAPTOP-QAA3IP3T" failures="0" tests="1" name="first_seleniumframework.Complete_page_test" time="10.321" errors="0" timestamp="2024-06-15T10:07:53 IST" skipped="0">
  <testcase classname="first_seleniumframework.Complete_page_test" name="completepagetitletest" time="10.321"/>
  <system-out>
    <![CDATA[complete page title is =Checkout: Complete!]]>
  </system-out>
</testsuite> <!-- first_seleniumframework.Complete_page_test -->
